This is pdfTeX, Version 3.141592653-2.6-1.40.26 (TeX Live 2024) (preloaded format=pdflatex 2024.10.17)  30 OCT 2025 15:47
entering extended mode
 restricted \write18 enabled.
 %&-line parsing enabled.
**project_report.ltx
(./project_report.ltx
LaTeX2e <2023-11-01> patch level 1
L3 programming layer <2024-02-20>
(/usr/local/texlive/2024/texmf-dist/tex/latex/base/article.cls
Document Class: article 2023/05/17 v1.4n Standard LaTeX document class
(/usr/local/texlive/2024/texmf-dist/tex/latex/base/size12.clo
File: size12.clo 2023/05/17 v1.4n Standard LaTeX file (size option)
)
\c@part=\count188
\c@section=\count189
\c@subsection=\count190
\c@subsubsection=\count191
\c@paragraph=\count192
\c@subparagraph=\count193
\c@figure=\count194
\c@table=\count195
\abovecaptionskip=\skip48
\belowcaptionskip=\skip49
\bibindent=\dimen140
)
(/usr/local/texlive/2024/texmf-dist/tex/latex/base/inputenc.sty
Package: inputenc 2021/02/14 v1.3d Input encoding file
\inpenc@prehook=\toks17
\inpenc@posthook=\toks18
)
(/usr/local/texlive/2024/texmf-dist/tex/latex/amsmath/amsmath.sty
Package: amsmath 2023/05/13 v2.17o AMS math features
\@mathmargin=\skip50

For additional information on amsmath, use the `?' option.
(/usr/local/texlive/2024/texmf-dist/tex/latex/amsmath/amstext.sty
Package: amstext 2021/08/26 v2.01 AMS text

(/usr/local/texlive/2024/texmf-dist/tex/latex/amsmath/amsgen.sty
File: amsgen.sty 1999/11/30 v2.0 generic functions
\@emptytoks=\toks19
\ex@=\dimen141
))
(/usr/local/texlive/2024/texmf-dist/tex/latex/amsmath/amsbsy.sty
Package: amsbsy 1999/11/29 v1.2d Bold Symbols
\pmbraise@=\dimen142
)
(/usr/local/texlive/2024/texmf-dist/tex/latex/amsmath/amsopn.sty
Package: amsopn 2022/04/08 v2.04 operator names
)
\inf@bad=\count196
LaTeX Info: Redefining \frac on input line 234.
\uproot@=\count197
\leftroot@=\count198
LaTeX Info: Redefining \overline on input line 399.
LaTeX Info: Redefining \colon on input line 410.
\classnum@=\count199
\DOTSCASE@=\count266
LaTeX Info: Redefining \ldots on input line 496.
LaTeX Info: Redefining \dots on input line 499.
LaTeX Info: Redefining \cdots on input line 620.
\Mathstrutbox@=\box51
\strutbox@=\box52
LaTeX Info: Redefining \big on input line 722.
LaTeX Info: Redefining \Big on input line 723.
LaTeX Info: Redefining \bigg on input line 724.
LaTeX Info: Redefining \Bigg on input line 725.
\big@size=\dimen143
LaTeX Font Info:    Redeclaring font encoding OML on input line 743.
LaTeX Font Info:    Redeclaring font encoding OMS on input line 744.
\macc@depth=\count267
LaTeX Info: Redefining \bmod on input line 905.
LaTeX Info: Redefining \pmod on input line 910.
LaTeX Info: Redefining \smash on input line 940.
LaTeX Info: Redefining \relbar on input line 970.
LaTeX Info: Redefining \Relbar on input line 971.
\c@MaxMatrixCols=\count268
\dotsspace@=\muskip16
\c@parentequation=\count269
\dspbrk@lvl=\count270
\tag@help=\toks20
\row@=\count271
\column@=\count272
\maxfields@=\count273
\andhelp@=\toks21
\eqnshift@=\dimen144
\alignsep@=\dimen145
\tagshift@=\dimen146
\tagwidth@=\dimen147
\totwidth@=\dimen148
\lineht@=\dimen149
\@envbody=\toks22
\multlinegap=\skip51
\multlinetaggap=\skip52
\mathdisplay@stack=\toks23
LaTeX Info: Redefining \[ on input line 2953.
LaTeX Info: Redefining \] on input line 2954.
)
(/usr/local/texlive/2024/texmf-dist/tex/latex/amsfonts/amssymb.sty
Package: amssymb 2013/01/14 v3.01 AMS font symbols

(/usr/local/texlive/2024/texmf-dist/tex/latex/amsfonts/amsfonts.sty
Package: amsfonts 2013/01/14 v3.01 Basic AMSFonts support
\symAMSa=\mathgroup4
\symAMSb=\mathgroup5
LaTeX Font Info:    Redeclaring math symbol \hbar on input line 98.
LaTeX Font Info:    Overwriting math alphabet `\mathfrak' in version `bold'
(Font)                  U/euf/m/n --> U/euf/b/n on input line 106.
))
(/usr/local/texlive/2024/texmf-dist/tex/latex/graphics/graphicx.sty
Package: graphicx 2021/09/16 v1.2d Enhanced LaTeX Graphics (DPC,SPQR)

(/usr/local/texlive/2024/texmf-dist/tex/latex/graphics/keyval.sty
Package: keyval 2022/05/29 v1.15 key=value parser (DPC)
\KV@toks@=\toks24
)
(/usr/local/texlive/2024/texmf-dist/tex/latex/graphics/graphics.sty
Package: graphics 2022/03/10 v1.4e Standard LaTeX Graphics (DPC,SPQR)

(/usr/local/texlive/2024/texmf-dist/tex/latex/graphics/trig.sty
Package: trig 2021/08/11 v1.11 sin cos tan (DPC)
)
(/usr/local/texlive/2024/texmf-dist/tex/latex/graphics-cfg/graphics.cfg
File: graphics.cfg 2016/06/04 v1.11 sample graphics configuration
)
Package graphics Info: Driver file: pdftex.def on input line 107.

(/usr/local/texlive/2024/texmf-dist/tex/latex/graphics-def/pdftex.def
File: pdftex.def 2022/09/22 v1.2b Graphics/color driver for pdftex
))
\Gin@req@height=\dimen150
\Gin@req@width=\dimen151
)
(/usr/local/texlive/2024/texmf-dist/tex/latex/booktabs/booktabs.sty
Package: booktabs 2020/01/12 v1.61803398 Publication quality tables
\heavyrulewidth=\dimen152
\lightrulewidth=\dimen153
\cmidrulewidth=\dimen154
\belowrulesep=\dimen155
\belowbottomsep=\dimen156
\aboverulesep=\dimen157
\abovetopsep=\dimen158
\cmidrulesep=\dimen159
\cmidrulekern=\dimen160
\defaultaddspace=\dimen161
\@cmidla=\count274
\@cmidlb=\count275
\@aboverulesep=\dimen162
\@belowrulesep=\dimen163
\@thisruleclass=\count276
\@lastruleclass=\count277
\@thisrulewidth=\dimen164
)
(/usr/local/texlive/2024/texmf-dist/tex/latex/natbib/natbib.sty
Package: natbib 2010/09/13 8.31b (PWD, AO)
\bibhang=\skip53
\bibsep=\skip54
LaTeX Info: Redefining \cite on input line 694.
\c@NAT@ctr=\count278
)
(/usr/local/texlive/2024/texmf-dist/tex/latex/geometry/geometry.sty
Package: geometry 2020/01/02 v5.9 Page Geometry

(/usr/local/texlive/2024/texmf-dist/tex/generic/iftex/ifvtex.sty
Package: ifvtex 2019/10/25 v1.7 ifvtex legacy package. Use iftex instead.

(/usr/local/texlive/2024/texmf-dist/tex/generic/iftex/iftex.sty
Package: iftex 2022/02/03 v1.0f TeX engine tests
))
\Gm@cnth=\count279
\Gm@cntv=\count280
\c@Gm@tempcnt=\count281
\Gm@bindingoffset=\dimen165
\Gm@wd@mp=\dimen166
\Gm@odd@mp=\dimen167
\Gm@even@mp=\dimen168
\Gm@layoutwidth=\dimen169
\Gm@layoutheight=\dimen170
\Gm@layouthoffset=\dimen171
\Gm@layoutvoffset=\dimen172
\Gm@dimlist=\toks25
)
(/usr/local/texlive/2024/texmf-dist/tex/latex/setspace/setspace.sty
Package: setspace 2022/12/04 v6.7b set line spacing
)
(/usr/local/texlive/2024/texmf-dist/tex/latex/l3backend/l3backend-pdftex.def
File: l3backend-pdftex.def 2024-02-20 L3 backend support: PDF output (pdfTeX)
\l__color_backend_stack_int=\count282
\l__pdf_internal_box=\box53
)
(./project_report.aux)
\openout1 = `project_report.aux'.

LaTeX Font Info:    Checking defaults for OML/cmm/m/it on input line 9.
LaTeX Font Info:    ... okay on input line 9.
LaTeX Font Info:    Checking defaults for OMS/cmsy/m/n on input line 9.
LaTeX Font Info:    ... okay on input line 9.
LaTeX Font Info:    Checking defaults for OT1/cmr/m/n on input line 9.
LaTeX Font Info:    ... okay on input line 9.
LaTeX Font Info:    Checking defaults for T1/cmr/m/n on input line 9.
LaTeX Font Info:    ... okay on input line 9.
LaTeX Font Info:    Checking defaults for TS1/cmr/m/n on input line 9.
LaTeX Font Info:    ... okay on input line 9.
LaTeX Font Info:    Checking defaults for OMX/cmex/m/n on input line 9.
LaTeX Font Info:    ... okay on input line 9.
LaTeX Font Info:    Checking defaults for U/cmr/m/n on input line 9.
LaTeX Font Info:    ... okay on input line 9.

(/usr/local/texlive/2024/texmf-dist/tex/context/base/mkii/supp-pdf.mkii
[Loading MPS to PDF converter (version 2006.09.02).]
\scratchcounter=\count283
\scratchdimen=\dimen173
\scratchbox=\box54
\nofMPsegments=\count284
\nofMParguments=\count285
\everyMPshowfont=\toks26
\MPscratchCnt=\count286
\MPscratchDim=\dimen174
\MPnumerator=\count287
\makeMPintoPDFobject=\count288
\everyMPtoPDFconversion=\toks27
) (/usr/local/texlive/2024/texmf-dist/tex/latex/epstopdf-pkg/epstopdf-base.sty
Package: epstopdf-base 2020-01-24 v2.11 Base part for package epstopdf
Package epstopdf-base Info: Redefining graphics rule for `.eps' on input line 4
85.

(/usr/local/texlive/2024/texmf-dist/tex/latex/latexconfig/epstopdf-sys.cfg
File: epstopdf-sys.cfg 2010/07/13 v1.3 Configuration of (r)epstopdf for TeX Liv
e
))
*geometry* driver: auto-detecting
*geometry* detected driver: pdftex
*geometry* verbose mode - [ preamble ] result:
* driver: pdftex
* paper: a4paper
* layout: <same size as paper>
* layoutoffset:(h,v)=(0.0pt,0.0pt)
* modes: 
* h-part:(L,W,R)=(72.26999pt, 452.9679pt, 72.26999pt)
* v-part:(T,H,B)=(72.26999pt, 700.50687pt, 72.26999pt)
* \paperwidth=597.50787pt
* \paperheight=845.04684pt
* \textwidth=452.9679pt
* \textheight=700.50687pt
* \oddsidemargin=0.0pt
* \evensidemargin=0.0pt
* \topmargin=-37.0pt
* \headheight=12.0pt
* \headsep=25.0pt
* \topskip=12.0pt
* \footskip=30.0pt
* \marginparwidth=35.0pt
* \marginparsep=10.0pt
* \columnsep=10.0pt
* \skip\footins=10.8pt plus 4.0pt minus 2.0pt
* \hoffset=0.0pt
* \voffset=0.0pt
* \mag=1000
* \@twocolumnfalse
* \@twosidefalse
* \@mparswitchfalse
* \@reversemarginfalse
* (1in=72.27pt=25.4mm, 1cm=28.453pt)

LaTeX Font Info:    Trying to load font information for U+msa on input line 10.

(/usr/local/texlive/2024/texmf-dist/tex/latex/amsfonts/umsa.fd
File: umsa.fd 2013/01/14 v3.01 AMS symbols A
)
LaTeX Font Info:    Trying to load font information for U+msb on input line 10.


(/usr/local/texlive/2024/texmf-dist/tex/latex/amsfonts/umsb.fd
File: umsb.fd 2013/01/14 v3.01 AMS symbols B
) [1

{/usr/local/texlive/2024/texmf-var/fonts/map/pdftex/updmap/pdftex.map}{/usr/loc
al/texlive/2024/texmf-dist/fonts/enc/dvips/cm-super/cm-super-ts1.enc}]
Overfull \hbox (28.68234pt too wide) in paragraph at lines 50--50
[]   \OT1/cmtt/m/n/12 Year  Country  smokers_percentage  tobacco_price  Norway 
 Post2004  Treated[] 
 []


Overfull \hbox (16.33234pt too wide) in paragraph at lines 50--50
[]\OT1/cmtt/m/n/12 0  1996   Norway              34.50          30.90      1   
      0        0[] 
 []


Overfull \hbox (16.33234pt too wide) in paragraph at lines 50--50
[]\OT1/cmtt/m/n/12 1  1996    Spain              36.25          27.65      0   
      0        0[] 
 []


Overfull \hbox (16.33234pt too wide) in paragraph at lines 50--50
[]\OT1/cmtt/m/n/12 2  1997   Norway              34.00          34.80      1   
      0        0[] 
 []


Overfull \hbox (16.33234pt too wide) in paragraph at lines 50--50
[]\OT1/cmtt/m/n/12 3  1997    Spain              36.00          30.57      0   
      0        0[] 
 []


Overfull \hbox (28.68234pt too wide) in paragraph at lines 50--50
[]\OT1/cmtt/m/n/12 ============================================================
==================[] 
 []


Overfull \hbox (28.68234pt too wide) in paragraph at lines 50--50
[]                 \OT1/cmtt/m/n/12 coef    std err          z      P>|z|      
[0.025      0.975][] 
 []


Overfull \hbox (28.68234pt too wide) in paragraph at lines 50--50
[]\OT1/cmtt/m/n/12 ------------------------------------------------------------
------------------[] 
 []


Overfull \hbox (47.20735pt too wide) in paragraph at lines 50--50
[]\OT1/cmtt/m/n/12 Intercept        47.2248      3.236     14.593      0.000   
   40.882      53.567[] 
 []


Overfull \hbox (47.20735pt too wide) in paragraph at lines 50--50
[]\OT1/cmtt/m/n/12 Norway           -1.9793      0.530     -3.734      0.000   
   -3.018      -0.940[] 
 []


Overfull \hbox (47.20735pt too wide) in paragraph at lines 50--50
[]\OT1/cmtt/m/n/12 Post2004         -0.3014      1.280     -0.235      0.814   
   -2.811       2.208[] 
 []


Overfull \hbox (47.20735pt too wide) in paragraph at lines 50--50
[]\OT1/cmtt/m/n/12 Treated           0.0450      0.655      0.069      0.945   
   -1.239       1.329[] 
 []


Overfull \hbox (47.20735pt too wide) in paragraph at lines 50--50
[]\OT1/cmtt/m/n/12 tobacco_price    -0.3398      0.089     -3.836      0.000   
   -0.513      -0.166[] 
 []


Overfull \hbox (28.68234pt too wide) in paragraph at lines 50--50
[]\OT1/cmtt/m/n/12 ============================================================
==================[] 
 []


Overfull \hbox (28.68234pt too wide) in paragraph at lines 69--69
[]\OT1/cmtt/m/n/12 ============================================================
==================[] 
 []


Overfull \hbox (28.68234pt too wide) in paragraph at lines 69--69
[]                 \OT1/cmtt/m/n/12 coef    std err          z      P>|z|      
[0.025      0.975][] 
 []


Overfull \hbox (28.68234pt too wide) in paragraph at lines 69--69
[]\OT1/cmtt/m/n/12 ------------------------------------------------------------
------------------[] 
 []


Overfull \hbox (47.20735pt too wide) in paragraph at lines 69--69
[]\OT1/cmtt/m/n/12 Intercept        47.2248      1.433     32.949      0.000   
   44.416      50.034[] 
 []


Overfull \hbox (47.20735pt too wide) in paragraph at lines 69--69
[]\OT1/cmtt/m/n/12 Norway           -1.9793      0.319     -6.208      0.000   
   -2.604      -1.354[] 
 []


Overfull \hbox (47.20735pt too wide) in paragraph at lines 69--69
[]\OT1/cmtt/m/n/12 Post2004         -0.3014      0.437     -0.690      0.490   
   -1.158       0.555[] 
 []

[2]
Overfull \hbox (47.20735pt too wide) in paragraph at lines 69--69
[]\OT1/cmtt/m/n/12 Treated           0.0450      0.705      0.064      0.949   
   -1.336       1.426[] 
 []


Overfull \hbox (47.20735pt too wide) in paragraph at lines 69--69
[]\OT1/cmtt/m/n/12 tobacco_price    -0.3398      0.034     -9.935      0.000   
   -0.407      -0.273[] 
 []


Overfull \hbox (28.68234pt too wide) in paragraph at lines 69--69
[]\OT1/cmtt/m/n/12 ============================================================
==================[] 
 []


Overfull \hbox (1603.30812pt too wide) in paragraph at lines 69--69
[]\OT1/cmtt/m/n/12 \item \textbf{Tobacco Price Index} (control variable, $\text
{TobaccoPrice}_t$): The Harmonised Index of Consumer Prices for Tobacco (HICP-T
) for both countries, included to control for the impact of contemporaneous tob
acco tax policies. This data was also **interpolated** for missing years to ali
gn with the smoking prevalence data.[] 
 []

[3]
Overfull \hbox (34.85735pt too wide) in paragraph at lines 105--105
[]\OT1/cmtt/m/n/12 ============================================================
===================[] 
 []


Overfull \hbox (28.68234pt too wide) in paragraph at lines 105--105
[]                 \OT1/cmtt/m/n/12 coef    std err          t      P>|t|      
[0.025      0.975][] 
 []


Overfull \hbox (34.85735pt too wide) in paragraph at lines 105--105
[]\OT1/cmtt/m/n/12 ------------------------------------------------------------
-------------------[] 
 []


Overfull \hbox (22.50734pt too wide) in paragraph at lines 105--105
[]\OT1/cmtt/m/n/12 Intercept      44.0192    2.964     14.853      0.000      3
7.995      50.043[] 
 []


Overfull \hbox (22.50734pt too wide) in paragraph at lines 105--105
[]\OT1/cmtt/m/n/12 Norway         -6.0192    4.192     -1.436      0.163     -1
4.669       2.631[] 
 []


Overfull \hbox (22.50734pt too wide) in paragraph at lines 105--105
[]\OT1/cmtt/m/n/12 Post2004       -7.0192    4.192     -1.675      0.108     -1
5.669       1.631[] 
 []


Overfull \hbox (22.50734pt too wide) in paragraph at lines 105--105
[]\OT1/cmtt/m/n/12 Treated        -2.4808    5.927     -0.419      0.680     -1
4.667       9.705[] 
 []


Overfull \hbox (22.50734pt too wide) in paragraph at lines 105--105
[]\OT1/cmtt/m/n/12 tobacco_price   0.0192    0.192      0.100      0.922      -
0.401       0.440[] 
 []


Overfull \hbox (34.85735pt too wide) in paragraph at lines 105--105
[]\OT1/cmtt/m/n/12 ============================================================
===================[] 
 []


Overfull \hbox (34.85735pt too wide) in paragraph at lines 128--128
[]\OT1/cmtt/m/n/12 ============================================================
===================[] 
 []


Overfull \hbox (28.68234pt too wide) in paragraph at lines 128--128
[]                 \OT1/cmtt/m/n/12 coef    std err          t      P>|t|      
[0.025      0.975][] 
 []


Overfull \hbox (34.85735pt too wide) in paragraph at lines 128--128
[]\OT1/cmtt/m/n/12 ------------------------------------------------------------
-------------------[] 
 []

[4]
Overfull \hbox (22.50734pt too wide) in paragraph at lines 128--128
[]\OT1/cmtt/m/n/12 Intercept      37.6000    0.676     55.581      0.000      3
5.945      39.255[] 
 []


Overfull \hbox (16.33234pt too wide) in paragraph at lines 128--128
[]\OT1/cmtt/m/n/12 Year_ct        -0.2882    0.084     -3.433      0.014      -
0.494     -0.083[] 
 []


Overfull \hbox (16.33234pt too wide) in paragraph at lines 128--128
[]\OT1/cmtt/m/n/12 Norway         -2.8000    0.957     -2.927      0.026      -
5.141     -0.459[] 
 []


Overfull \hbox (16.33234pt too wide) in paragraph at lines 128--128
[]\OT1/cmtt/m/n/12 Year_ct:Norway -0.0530    0.119     -0.446      0.671      -
0.343      0.237[] 
 []


Overfull \hbox (34.85735pt too wide) in paragraph at lines 128--128
[]\OT1/cmtt/m/n/12 ============================================================
===================[] 
 []

[5]
No file project_report.bbl.
[6] (./project_report.aux)
 ***********
LaTeX2e <2023-11-01> patch level 1
L3 programming layer <2024-02-20>
 ***********
 ) 
Here is how much of TeX's memory you used:
 3603 strings out of 474116
 52538 string characters out of 5743681
 1943187 words of memory out of 5000000
 25937 multiletter control sequences out of 15000+600000
 567992 words of font info for 74 fonts, out of 8000000 for 9000
 1141 hyphenation exceptions out of 8191
 57i,6n,65p,569b,276s stack positions out of 10000i,1000n,20000p,200000b,200000s
</usr/local/texlive/2024/texmf-dist/fonts/type1/public/amsfonts/cm/cmbx12.pfb
></usr/local/texlive/2024/texmf-dist/fonts/type1/public/amsfonts/cm/cmmi12.pfb>
</usr/local/texlive/2024/texmf-dist/fonts/type1/public/amsfonts/cm/cmmi8.pfb></
usr/local/texlive/2024/texmf-dist/fonts/type1/public/amsfonts/cm/cmr12.pfb></us
r/local/texlive/2024/texmf-dist/fonts/type1/public/amsfonts/cm/cmr17.pfb></usr/
local/texlive/2024/texmf-dist/fonts/type1/public/amsfonts/cm/cmr8.pfb></usr/loc
al/texlive/2024/texmf-dist/fonts/type1/public/amsfonts/cm/cmsy10.pfb></usr/loca
l/texlive/2024/texmf-dist/fonts/type1/public/amsfonts/cm/cmti12.pfb></usr/local
/texlive/2024/texmf-dist/fonts/type1/public/amsfonts/cm/cmtt12.pfb></usr/local/
texlive/2024/texmf-dist/fonts/type1/public/cm-super/sfrm1200.pfb>
Output written on project_report.pdf (6 pages, 133814 bytes).
PDF statistics:
 74 PDF objects out of 1000 (max. 8388607)
 45 compressed objects within 1 object stream
 0 named destinations out of 1000 (max. 500000)
 1 words of extra memory for PDF output out of 10000 (max. 10000000)

